<?xml version="1.0" encoding="UTF-8"?>
<!-- Generated by org.testng.reporters.JUnitReportReporter -->
<testsuite skipped="0" hostname="LAPTOP-3QCBN21O" name="com.testng.check.EbayLaunch" tests="2" failures="0" timestamp="10 Sep 2021 04:41:28 GMT" time="102.586" errors="0">
  <testcase name="clickAdvanced" time="80.900" classname="com.testng.check.EbayLaunch"/>
  <testcase name="clickShopCategoryCollectibles" time="21.686" classname="com.testng.check.EbayLaunch"/>
</testsuite> <!-- com.testng.check.EbayLaunch -->
