<?xml version="1.0" encoding="UTF-8"?>
<!-- Generated by org.testng.reporters.JUnitReportReporter -->
<testsuite hostname="LAPTOP-3QCBN21O" name="com.testng.check.EbayLaunch" tests="2" failures="0" timestamp="10 Sep 2021 07:01:14 GMT" time="76.006" errors="0">
  <testcase name="clickAdvanced" time="51.152" classname="com.testng.check.EbayLaunch"/>
  <testcase name="clickShopCategoryCollectibles" time="24.854" classname="com.testng.check.EbayLaunch"/>
</testsuite> <!-- com.testng.check.EbayLaunch -->
